2022-04-01T05:35:05+00:00 CRITICAL syntax error, unexpected '' (T_ENCAPSED_AND_WHITESPACE), expecting '-' or identifier (T_STRING) or variable (T_VARIABLE) or number (T_NUM_STRING) in C:\xampp\htdocs\asianfan\wp-content\themes\flatsome\functions.php on line 13

2022-04-01T05:35:55+00:00 CRITICAL syntax error, unexpected '' (T_ENCAPSED_AND_WHITESPACE), expecting '-' or identifier (T_STRING) or variable (T_VARIABLE) or number (T_NUM_STRING) in C:\xampp\htdocs\asianfan\wp-content\themes\flatsome\functions.php on line 13

2022-04-01T06:54:25+00:00 CRITICAL syntax error, unexpected '<' in C:\xampp\htdocs\asianfan\wp-content\themes\flatsome\functions.php on line 11

2022-04-01T06:55:04+00:00 CRITICAL syntax error, unexpected '<' in C:\xampp\htdocs\asianfan\wp-content\themes\flatsome\functions.php on line 11

2022-04-01T07:20:53+00:00 CRITICAL syntax error, unexpected 'ob_end_clean' (T_STRING) in C:\xampp\htdocs\asianfan\wp-content\themes\flatsome\functions.php on line 25

2022-04-01T07:21:07+00:00 CRITICAL syntax error, unexpected 'ob_end_clean' (T_STRING) in C:\xampp\htdocs\asianfan\wp-content\themes\flatsome\functions.php on line 26

2022-04-01T07:41:23+00:00 CRITICAL syntax error, unexpected '' (T_ENCAPSED_AND_WHITESPACE), expecting '-' or identifier (T_STRING) or variable (T_VARIABLE) or number (T_NUM_STRING) in C:\xampp\htdocs\asianfan\wp-content\themes\flatsome\functions.php on line 17

2022-04-01T07:41:30+00:00 CRITICAL syntax error, unexpected '' (T_ENCAPSED_AND_WHITESPACE), expecting '-' or identifier (T_STRING) or variable (T_VARIABLE) or number (T_NUM_STRING) in C:\xampp\htdocs\asianfan\wp-content\themes\flatsome\functions.php on line 17

2022-04-01T07:42:27+00:00 CRITICAL syntax error, unexpected 'abc' (T_STRING), expecting ';' in C:\xampp\htdocs\asianfan\wp-content\themes\flatsome\functions.php on line 18

2022-04-01T07:42:34+00:00 CRITICAL syntax error, unexpected 'abc' (T_STRING), expecting ';' in C:\xampp\htdocs\asianfan\wp-content\themes\flatsome\functions.php on line 18

2022-04-01T07:42:46+00:00 CRITICAL syntax error, unexpected 'abc' (T_STRING), expecting ';' in C:\xampp\htdocs\asianfan\wp-content\themes\flatsome\functions.php on line 18

2022-04-01T07:43:31+00:00 CRITICAL syntax error, unexpected '<' in C:\xampp\htdocs\asianfan\wp-content\themes\flatsome\functions.php on line 17

2022-04-01T07:43:35+00:00 CRITICAL syntax error, unexpected '<' in C:\xampp\htdocs\asianfan\wp-content\themes\flatsome\functions.php on line 17

2022-04-01T07:45:19+00:00 CRITICAL syntax error, unexpected '<' in C:\xampp\htdocs\asianfan\wp-content\themes\flatsome\functions.php on line 17

2022-04-01T07:45:32+00:00 CRITICAL syntax error, unexpected '<' in C:\xampp\htdocs\asianfan\wp-content\themes\flatsome\functions.php on line 17

2022-04-01T09:06:11+00:00 CRITICAL syntax error, unexpected ')', expecting ']' in C:\xampp\htdocs\asianfan\wp-content\themes\flatsome\functions.php on line 109

2022-04-01T09:06:13+00:00 CRITICAL syntax error, unexpected ')', expecting ']' in C:\xampp\htdocs\asianfan\wp-content\themes\flatsome\functions.php on line 109

2022-04-01T09:06:27+00:00 CRITICAL syntax error, unexpected ')', expecting ']' in C:\xampp\htdocs\asianfan\wp-content\themes\flatsome\functions.php on line 109

2022-04-01T09:06:32+00:00 CRITICAL syntax error, unexpected ')', expecting ']' in C:\xampp\htdocs\asianfan\wp-content\themes\flatsome\functions.php on line 109

2022-04-01T09:07:11+00:00 CRITICAL syntax error, unexpected ')', expecting ']' in C:\xampp\htdocs\asianfan\wp-content\themes\flatsome\functions.php on line 109

2022-04-01T09:07:53+00:00 CRITICAL syntax error, unexpected ')', expecting ']' in C:\xampp\htdocs\asianfan\wp-content\themes\flatsome\functions.php on line 109

2022-04-01T09:07:55+00:00 CRITICAL syntax error, unexpected ')', expecting ']' in C:\xampp\htdocs\asianfan\wp-content\themes\flatsome\functions.php on line 109

2022-04-01T09:08:09+00:00 CRITICAL syntax error, unexpected ')', expecting ']' in C:\xampp\htdocs\asianfan\wp-content\themes\flatsome\functions.php on line 109

